#
# There is insufficient memory for the Java Runtime Environment to continue.
# Native memory allocation (mmap) failed to map 266338304 bytes for G1 virtual space
# Possible reasons:
#   The system is out of physical RAM or swap space
#   The process is running with CompressedOops enabled, and the Java Heap may be blocking the growth of the native heap
# Possible solutions:
#   Reduce memory load on the system
#   Increase physical memory or swap space
#   Check if swap backing store is full
#   Decrease Java heap size (-Xmx/-Xms)
#   Decrease number of Java threads
#   Decrease Java thread stack sizes (-Xss)
#   Set larger code cache with -XX:ReservedCodeCacheSize=
#   JVM is running with Zero Based Compressed Oops mode in which the Java heap is
#     placed in the first 32GB address space. The Java Heap base address is the
#     maximum limit for the native heap growth. Please use -XX:HeapBaseMinAddress
#     to set the Java Heap base and to place the Java Heap above 32GB virtual address.
# This output file may be truncated or incomplete.
#
#  Out of Memory Error (os_windows.cpp:3532), pid=2584, tid=17540
#
# JRE version:  (17.0.2+8) (build )
# Java VM: OpenJDK 64-Bit Server VM (17.0.2+8, mixed mode, sharing, tiered, compressed oops, compressed class ptrs, g1 gc, windows-amd64)
# No core dump will be written. Minidumps are not enabled by default on client versions of Windows
#

---------------  S U M M A R Y ------------

Command Line: -Dfile.encoding=Cp1252 -XX:+ShowCodeDetailsInExceptionMessages com.syntex.HomeWork.ssss

Host: Intel(R) Core(TM) i5-9300H CPU @ 2.40GHz, 8 cores, 15G,  Windows 10 , 64 bit Build 19041 (10.0.19041.1706)
Time: Mon May 30 13:08:36 2022  Windows 10 , 64 bit Build 19041 (10.0.19041.1706) elapsed time: 0.012800 seconds (0d 0h 0m 0s)

---------------  T H R E A D  ---------------

Current thread (0x000001a6f25e5340):  JavaThread "Unknown thread" [_thread_in_vm, id=17540, stack(0x0000006f0f900000,0x0000006f0fa00000)]

Stack: [0x0000006f0f900000,0x0000006f0fa00000]
Native frames: (J=compiled Java code, j=interpreted, Vv=VM code, C=native code)
V  [jvm.dll+0x67564a]
V  [jvm.dll+0x82fc04]
V  [jvm.dll+0x8313ae]
V  [jvm.dll+0x831a13]
V  [jvm.dll+0x245235]
V  [jvm.dll+0x672539]
V  [jvm.dll+0x666e82]
V  [jvm.dll+0x30401b]
V  [jvm.dll+0x30b566]
V  [jvm.dll+0x35b1fe]
V  [jvm.dll+0x35b42f]
V  [jvm.dll+0x2daf58]
V  [jvm.dll+0x2dbec4]
V  [jvm.dll+0x801881]
V  [jvm.dll+0x368f81]
V  [jvm.dll+0x7e0cdc]
V  [jvm.dll+0x3eb8bf]
V  [jvm.dll+0x3ed441]
C  [jli.dll+0x5277]
C  [ucrtbase.dll+0x21bb2]
C  [KERNEL32.DLL+0x17034]
C  [ntdll.dll+0x52651]


---------------  P R O C E S S  ---------------

Threads class SMR info:
_java_thread_list=0x00007ff80c615e98, length=0, elements={
}

Java Threads: ( => current thread )

Other Threads:
  0x000001a6f2633b30 GCTaskThread "GC Thread#0" [stack: 0x0000006f0fa00000,0x0000006f0fb00000] [id=25124]
  0x000001a6f2645fb0 ConcurrentGCThread "G1 Main Marker" [stack: 0x0000006f0fb00000,0x0000006f0fc00000] [id=23136]
  0x000001a6f26479d0 ConcurrentGCThread "G1 Conc#0" [stack: 0x0000006f0fc00000,0x0000006f0fd00000] [id=26264]

[error occurred during error reporting (printing all threads), id 0xc0000005, EXCEPTION_ACCESS_VIOLATION (0xc0000005) at pc=0x00007ff80bdeb9d7]

VM state: not at safepoint (not fully initialized)

VM Mutex/Monitor currently owned by a thread:  ([mutex/lock_event])
[0x000001a6f24dd160] Heap_lock - owner thread: 0x000001a6f25e5340

Heap address: 0x0000000702600000, size: 4058 MB, Compressed Oops mode: Zero based, Oop shift amount: 3

CDS archive(s) mapped at: [0x0000000000000000-0x0000000000000000-0x0000000000000000), size 0, SharedBaseAddress: 0x0000000800000000, ArchiveRelocationMode: 0.
Narrow klass base: 0x0000000000000000, Narrow klass shift: 0, Narrow klass range: 0x0

GC Precious Log:
<Empty>

Heap:
 garbage-first heap   total 0K, used 0K [0x0000000702600000, 0x0000000800000000)
  region size 2048K, 0 young (0K), 0 survivors (0K)

[error occurred during error reporting (printing heap information), id 0xc0000005, EXCEPTION_ACCESS_VIOLATION (0xc0000005) at pc=0x00007ff80c1ce899]

GC Heap History (0 events):
No events

Deoptimization events (0 events):
No events

Classes unloaded (0 events):
No events

Classes redefined (0 events):
No events

Internal exceptions (0 events):
No events

VM Operations (0 events):
No events

Events (1 events):
Event: 0.008 Loaded shared library C:\Users\amlif\.p2\pool\plugins\org.eclipse.justj.openjdk.hotspot.jre.full.win32.x86_64_17.0.2.v20220201-1208\jre\bin\java.dll


Dynamic libraries:
0x00007ff69b860000 - 0x00007ff69b86e000 	C:\Users\amlif\.p2\pool\plugins\org.eclipse.justj.openjdk.hotspot.jre.full.win32.x86_64_17.0.2.v20220201-1208\jre\bin\javaw.exe
0x00007ff890490000 - 0x00007ff890685000 	C:\WINDOWS\SYSTEM32\ntdll.dll
0x00007ff8901c0000 - 0x00007ff89027d000 	C:\WINDOWS\System32\KERNEL32.DLL
0x00007ff88e030000 - 0x00007ff88e2fd000 	C:\WINDOWS\System32\KERNELBASE.dll
0x00007ff88df30000 - 0x00007ff88e030000 	C:\WINDOWS\System32\ucrtbase.dll
0x00007ff871830000 - 0x00007ff871848000 	C:\Users\amlif\.p2\pool\plugins\org.eclipse.justj.openjdk.hotspot.jre.full.win32.x86_64_17.0.2.v20220201-1208\jre\bin\jli.dll
0x00007ff877400000 - 0x00007ff877419000 	C:\Users\amlif\.p2\pool\plugins\org.eclipse.justj.openjdk.hotspot.jre.full.win32.x86_64_17.0.2.v20220201-1208\jre\bin\VCRUNTIME140.dll
0x00007ff88f4e0000 - 0x00007ff88f680000 	C:\WINDOWS\System32\USER32.dll
0x00007ff88df00000 - 0x00007ff88df22000 	C:\WINDOWS\System32\win32u.dll
0x00007ff88eb80000 - 0x00007ff88ebaa000 	C:\WINDOWS\System32\GDI32.dll
0x00007ff88ddf0000 - 0x00007ff88defb000 	C:\WINDOWS\System32\gdi32full.dll
0x00007ff872b60000 - 0x00007ff872dfa000 	C:\WINDOWS\WinSxS\amd64_microsoft.windows.common-controls_6595b64144ccf1df_6.0.19041.1110_none_60b5254171f9507e\COMCTL32.dll
0x00007ff88e390000 - 0x00007ff88e42d000 	C:\WINDOWS\System32\msvcp_win.dll
0x00007ff88ebb0000 - 0x00007ff88ec4e000 	C:\WINDOWS\System32\msvcrt.dll
0x00007ff88f790000 - 0x00007ff88f7c0000 	C:\WINDOWS\System32\IMM32.DLL
0x00007ff884540000 - 0x00007ff88454c000 	C:\Users\amlif\.p2\pool\plugins\org.eclipse.justj.openjdk.hotspot.jre.full.win32.x86_64_17.0.2.v20220201-1208\jre\bin\vcruntime140_1.dll
0x00007ff864160000 - 0x00007ff8641f1000 	C:\Users\amlif\.p2\pool\plugins\org.eclipse.justj.openjdk.hotspot.jre.full.win32.x86_64_17.0.2.v20220201-1208\jre\bin\msvcp140.dll
0x00007ff80bb00000 - 0x00007ff80c747000 	C:\Users\amlif\.p2\pool\plugins\org.eclipse.justj.openjdk.hotspot.jre.full.win32.x86_64_17.0.2.v20220201-1208\jre\bin\server\jvm.dll
0x00007ff88e4e0000 - 0x00007ff88e58e000 	C:\WINDOWS\System32\ADVAPI32.dll
0x00007ff88f6f0000 - 0x00007ff88f78c000 	C:\WINDOWS\System32\sechost.dll
0x00007ff88f210000 - 0x00007ff88f335000 	C:\WINDOWS\System32\RPCRT4.dll
0x00007ff890040000 - 0x00007ff890048000 	C:\WINDOWS\System32\PSAPI.DLL
0x00007ff886060000 - 0x00007ff886069000 	C:\WINDOWS\SYSTEM32\WSOCK32.dll
0x00007ff874260000 - 0x00007ff874287000 	C:\WINDOWS\SYSTEM32\WINMM.dll
0x00007ff881b40000 - 0x00007ff881b4a000 	C:\WINDOWS\SYSTEM32\VERSION.dll
0x00007ff88f680000 - 0x00007ff88f6eb000 	C:\WINDOWS\System32\WS2_32.dll
0x00007ff88c430000 - 0x00007ff88c442000 	C:\WINDOWS\SYSTEM32\kernel.appcore.dll
0x00007ff885f60000 - 0x00007ff885f6a000 	C:\Users\amlif\.p2\pool\plugins\org.eclipse.justj.openjdk.hotspot.jre.full.win32.x86_64_17.0.2.v20220201-1208\jre\bin\jimage.dll
0x00007ff88b990000 - 0x00007ff88bb74000 	C:\WINDOWS\SYSTEM32\DBGHELP.DLL
0x00007ff880210000 - 0x00007ff88023c000 	C:\WINDOWS\SYSTEM32\dbgcore.DLL
0x00007ff88e300000 - 0x00007ff88e382000 	C:\WINDOWS\System32\bcryptPrimitives.dll
0x00007ff877420000 - 0x00007ff877445000 	C:\Users\amlif\.p2\pool\plugins\org.eclipse.justj.openjdk.hotspot.jre.full.win32.x86_64_17.0.2.v20220201-1208\jre\bin\java.dll

dbghelp: loaded successfully - version: 4.0.5 - missing functions: none
symbol engine: initialized successfully - sym options: 0x614 - pdb path: .;C:\Users\amlif\.p2\pool\plugins\org.eclipse.justj.openjdk.hotspot.jre.full.win32.x86_64_17.0.2.v20220201-1208\jre\bin;C:\WINDOWS\SYSTEM32;C:\WINDOWS\WinSxS\amd64_microsoft.windows.common-controls_6595b64144ccf1df_6.0.19041.1110_none_60b5254171f9507e;C:\Users\amlif\.p2\pool\plugins\org.eclipse.justj.openjdk.hotspot.jre.full.win32.x86_64_17.0.2.v20220201-1208\jre\bin\server

VM Arguments:
jvm_args: -Dfile.encoding=Cp1252 -XX:+ShowCodeDetailsInExceptionMessages 
java_command: com.syntex.HomeWork.ssss
java_class_path (initial): D:\SDET-WORK\JavaBasics\bin
Launcher Type: SUN_STANDARD

[Global flags]
     intx CICompilerCount                          = 4                                         {product} {ergonomic}
     uint ConcGCThreads                            = 2                                         {product} {ergonomic}
     uint G1ConcRefinementThreads                  = 8                                         {product} {ergonomic}
   size_t G1HeapRegionSize                         = 2097152                                   {product} {ergonomic}
    uintx GCDrainStackTargetSize                   = 64                                        {product} {ergonomic}
   size_t InitialHeapSize                          = 266338304                                 {product} {ergonomic}
   size_t MarkStackSize                            = 4194304                                   {product} {ergonomic}
   size_t MaxHeapSize                              = 4255121408                                {product} {ergonomic}
   size_t MinHeapDeltaBytes                        = 2097152                                   {product} {ergonomic}
   size_t MinHeapSize                              = 8388608                                   {product} {ergonomic}
    uintx NonNMethodCodeHeapSize                   = 5839372                                {pd product} {ergonomic}
    uintx NonProfiledCodeHeapSize                  = 122909434                              {pd product} {ergonomic}
    uintx ProfiledCodeHeapSize                     = 122909434                              {pd product} {ergonomic}
    uintx ReservedCodeCacheSize                    = 251658240                              {pd product} {ergonomic}
     bool SegmentedCodeCache                       = true                                      {product} {ergonomic}
     bool ShowCodeDetailsInExceptionMessages       = true                                   {manageable} {command line}
   size_t SoftMaxHeapSize                          = 4255121408                             {manageable} {ergonomic}
     bool UseCompressedClassPointers               = true                           {product lp64_product} {ergonomic}
     bool UseCompressedOops                        = true                           {product lp64_product} {ergonomic}
     bool UseG1GC                                  = true                                      {product} {ergonomic}
     bool UseLargePagesIndividualAllocation        = false                                  {pd product} {ergonomic}

Logging:
Log output configuration:
 #0: stdout all=warning uptime,level,tags
 #1: stderr all=off uptime,level,tags

Environment Variables:
JAVA_HOME=C:\Program Files\Java\jdk1.8.0_321
PATH=C:/Users/amlif/.p2/pool/plugins/org.eclipse.justj.openjdk.hotspot.jre.full.win32.x86_64_17.0.2.v20220201-1208/jre/bin/server;C:/Users/amlif/.p2/pool/plugins/org.eclipse.justj.openjdk.hotspot.jre.full.win32.x86_64_17.0.2.v20220201-1208/jre/bin;C:\Program Files (x86)\Common Files\Oracle\Java\javapath;C:\Windows\system32;C:\Windows;C:\Windows\System32\Wbem;C:\Windows\System32\WindowsPowerShell\v1.0\;C:\Windows\System32\OpenSSH\;C:\Program Files (x86)\NVIDIA Corporation\PhysX\Common;C:\WINDOWS\system32;C:\WINDOWS;C:\WINDOWS\System32\Wbem;C:\WINDOWS\System32\WindowsPowerShell\v1.0\;C:\WINDOWS\System32\OpenSSH\;C:\Program Files\Java\jdk1.8.0_321\bin;C:\Program Files\Git\cmd;C:\Users\amlif\AppData\Local\Microsoft\WindowsApps;C:\Users\amlif\AppData\Local\atom\bin;C:\Users\amlif\Desktop;
USERNAME=amlif
OS=Windows_NT
PROCESSOR_IDENTIFIER=Intel64 Family 6 Model 158 Stepping 10, GenuineIntel



---------------  S Y S T E M  ---------------

OS:
 Windows 10 , 64 bit Build 19041 (10.0.19041.1706)
OS uptime: 0 days 2:14 hours

CPU: total 8 (initial active 8) (4 cores per cpu, 2 threads per core) family 6 model 158 stepping 10 microcode 0xde, cx8, cmov, fxsr, ht, mmx, 3dnowpref, sse, sse2, sse3, ssse3, sse4.1, sse4.2, popcnt, lzcnt, tsc, tscinvbit, avx, avx2, aes, erms, clmul, bmi1, bmi2, adx, fma, vzeroupper, clflush, clflushopt

Memory: 4k page, system-wide physical 16228M (7578M free)
TotalPageFile size 23965M (AvailPageFile size 244M)
current process WorkingSet (physical memory assigned to process): 10M, peak: 10M
current process commit charge ("private bytes"): 60M, peak: 314M

vm_info: OpenJDK 64-Bit Server VM (17.0.2+8) for windows-amd64 JRE (17.0.2+8), built on Jan 20 2022 04:52:34 by "" with MS VC++ 16.7 (VS2019)

END.
